E:\TESTDEMO\A-MFC-PROGRAME-MASTER\A-MFC-PROGRAME-MASTER\STUDENTSYSTEM\DEBUG\STUDENTSYSTEM.PCH
E:\TESTDEMO\A-MFC-PROGRAME-MASTER\A-MFC-PROGRAME-MASTER\STUDENTSYSTEM\DEBUG\STDAFX.OBJ
E:\TESTDEMO\A-MFC-PROGRAME-MASTER\A-MFC-PROGRAME-MASTER\STUDENTSYSTEM\DEBUG\VC110.PDB
E:\TESTDEMO\A-MFC-PROGRAME-MASTER\A-MFC-PROGRAME-MASTER\STUDENTSYSTEM\DEBUG\ADODC1.OBJ
E:\TESTDEMO\A-MFC-PROGRAME-MASTER\A-MFC-PROGRAME-MASTER\STUDENTSYSTEM\DEBUG\CDUOBIAO.OBJ
E:\TESTDEMO\A-MFC-PROGRAME-MASTER\A-MFC-PROGRAME-MASTER\STUDENTSYSTEM\DEBUG\CHADLG.OBJ
E:\TESTDEMO\A-MFC-PROGRAME-MASTER\A-MFC-PROGRAME-MASTER\STUDENTSYSTEM\DEBUG\CHANGESHURU.OBJ
E:\TESTDEMO\A-MFC-PROGRAME-MASTER\A-MFC-PROGRAME-MASTER\STUDENTSYSTEM\DEBUG\CHUFASHURU.OBJ
E:\TESTDEMO\A-MFC-PROGRAME-MASTER\A-MFC-PROGRAME-MASTER\STUDENTSYSTEM\DEBUG\CLASSSHURU.OBJ
E:\TESTDEMO\A-MFC-PROGRAME-MASTER\A-MFC-PROGRAME-MASTER\STUDENTSYSTEM\DEBUG\COLUMN.OBJ
E:\TESTDEMO\A-MFC-PROGRAME-MASTER\A-MFC-PROGRAME-MASTER\STUDENTSYSTEM\DEBUG\COLUMNS.OBJ
E:\TESTDEMO\A-MFC-PROGRAME-MASTER\A-MFC-PROGRAME-MASTER\STUDENTSYSTEM\DEBUG\CSHANCHU.OBJ
E:\TESTDEMO\A-MFC-PROGRAME-MASTER\A-MFC-PROGRAME-MASTER\STUDENTSYSTEM\DEBUG\DATAGRID1.OBJ
E:\TESTDEMO\A-MFC-PROGRAME-MASTER\A-MFC-PROGRAME-MASTER\STUDENTSYSTEM\DEBUG\DENGLU.OBJ
E:\TESTDEMO\A-MFC-PROGRAME-MASTER\A-MFC-PROGRAME-MASTER\STUDENTSYSTEM\DEBUG\INSERTDATA.OBJ
E:\TESTDEMO\A-MFC-PROGRAME-MASTER\A-MFC-PROGRAME-MASTER\STUDENTSYSTEM\DEBUG\MAINDLG.OBJ
E:\TESTDEMO\A-MFC-PROGRAME-MASTER\A-MFC-PROGRAME-MASTER\STUDENTSYSTEM\DEBUG\MAINSHURU.OBJ
E:\TESTDEMO\A-MFC-PROGRAME-MASTER\A-MFC-PROGRAME-MASTER\STUDENTSYSTEM\DEBUG\REWARDSHURU.OBJ
E:\TESTDEMO\A-MFC-PROGRAME-MASTER\A-MFC-PROGRAME-MASTER\STUDENTSYSTEM\DEBUG\STUDENTSYSTEM.OBJ
E:\TESTDEMO\A-MFC-PROGRAME-MASTER\A-MFC-PROGRAME-MASTER\STUDENTSYSTEM\DEBUG\STUDENTSYSTEMDLG.OBJ
E:\TESTDEMO\A-MFC-PROGRAME-MASTER\A-MFC-PROGRAME-MASTER\STUDENTSYSTEM\DEBUG\UPDATE.OBJ
E:\TESTDEMO\A-MFC-PROGRAME-MASTER\A-MFC-PROGRAME-MASTER\DEBUG\STUDENTSYSTEM.ILK
E:\TESTDEMO\A-MFC-PROGRAME-MASTER\A-MFC-PROGRAME-MASTER\DEBUG\STUDENTSYSTEM.EXE
E:\TESTDEMO\A-MFC-PROGRAME-MASTER\A-MFC-PROGRAME-MASTER\DEBUG\STUDENTSYSTEM.PDB
E:\TESTDEMO\A-MFC-PROGRAME-MASTER\A-MFC-PROGRAME-MASTER\STUDENTSYSTEM\DEBUG\STUDENTSYSTEM.RES
E:\testdemo\A-MFC-PROGRAME-master\A-MFC-PROGRAME-master\studentsystem\Debug\adodc1.obj
E:\testdemo\A-MFC-PROGRAME-master\A-MFC-PROGRAME-master\studentsystem\Debug\Cduobiao.obj
E:\testdemo\A-MFC-PROGRAME-master\A-MFC-PROGRAME-master\studentsystem\Debug\chaDlg.obj
E:\testdemo\A-MFC-PROGRAME-master\A-MFC-PROGRAME-master\studentsystem\Debug\CHANGEshuru.obj
E:\testdemo\A-MFC-PROGRAME-master\A-MFC-PROGRAME-master\studentsystem\Debug\CHUFAshuru.obj
E:\testdemo\A-MFC-PROGRAME-master\A-MFC-PROGRAME-master\studentsystem\Debug\CLASSshuru.obj
E:\testdemo\A-MFC-PROGRAME-master\A-MFC-PROGRAME-master\studentsystem\Debug\column.obj
E:\testdemo\A-MFC-PROGRAME-master\A-MFC-PROGRAME-master\studentsystem\Debug\columns.obj
E:\testdemo\A-MFC-PROGRAME-master\A-MFC-PROGRAME-master\studentsystem\Debug\Cshanchu.obj
E:\testdemo\A-MFC-PROGRAME-master\A-MFC-PROGRAME-master\studentsystem\Debug\datagrid1.obj
E:\testdemo\A-MFC-PROGRAME-master\A-MFC-PROGRAME-master\studentsystem\Debug\denglu.obj
E:\testdemo\A-MFC-PROGRAME-master\A-MFC-PROGRAME-master\studentsystem\Debug\insertdata.obj
E:\testdemo\A-MFC-PROGRAME-master\A-MFC-PROGRAME-master\studentsystem\Debug\MainDlg.obj
E:\testdemo\A-MFC-PROGRAME-master\A-MFC-PROGRAME-master\studentsystem\Debug\Mainshuru.obj
E:\testdemo\A-MFC-PROGRAME-master\A-MFC-PROGRAME-master\studentsystem\Debug\REWARDshuru.obj
E:\testdemo\A-MFC-PROGRAME-master\A-MFC-PROGRAME-master\studentsystem\Debug\stdafx.obj
E:\testdemo\A-MFC-PROGRAME-master\A-MFC-PROGRAME-master\studentsystem\Debug\studentsystem.obj
E:\testdemo\A-MFC-PROGRAME-master\A-MFC-PROGRAME-master\studentsystem\Debug\studentsystemDlg.obj
E:\testdemo\A-MFC-PROGRAME-master\A-MFC-PROGRAME-master\studentsystem\Debug\update.obj
E:\testdemo\A-MFC-PROGRAME-master\A-MFC-PROGRAME-master\studentsystem\Debug\msado15.tli
E:\testdemo\A-MFC-PROGRAME-master\A-MFC-PROGRAME-master\studentsystem\Debug\msado15.tlh
E:\testdemo\A-MFC-PROGRAME-master\A-MFC-PROGRAME-master\studentsystem\Debug\cl.command.1.tlog
E:\testdemo\A-MFC-PROGRAME-master\A-MFC-PROGRAME-master\studentsystem\Debug\CL.read.1.tlog
E:\testdemo\A-MFC-PROGRAME-master\A-MFC-PROGRAME-master\studentsystem\Debug\CL.read.2.tlog
E:\testdemo\A-MFC-PROGRAME-master\A-MFC-PROGRAME-master\studentsystem\Debug\CL.write.1.tlog
E:\testdemo\A-MFC-PROGRAME-master\A-MFC-PROGRAME-master\studentsystem\Debug\link-cvtres.read.1.tlog
E:\testdemo\A-MFC-PROGRAME-master\A-MFC-PROGRAME-master\studentsystem\Debug\link-cvtres.write.1.tlog
E:\testdemo\A-MFC-PROGRAME-master\A-MFC-PROGRAME-master\studentsystem\Debug\link-mt.read.1.tlog
E:\testdemo\A-MFC-PROGRAME-master\A-MFC-PROGRAME-master\studentsystem\Debug\link-mt.write.1.tlog
E:\testdemo\A-MFC-PROGRAME-master\A-MFC-PROGRAME-master\studentsystem\Debug\link-rc.read.1.tlog
E:\testdemo\A-MFC-PROGRAME-master\A-MFC-PROGRAME-master\studentsystem\Debug\link-rc.write.1.tlog
E:\testdemo\A-MFC-PROGRAME-master\A-MFC-PROGRAME-master\studentsystem\Debug\link.command.1.tlog
E:\testdemo\A-MFC-PROGRAME-master\A-MFC-PROGRAME-master\studentsystem\Debug\link.read.1.tlog
E:\testdemo\A-MFC-PROGRAME-master\A-MFC-PROGRAME-master\studentsystem\Debug\link.write.1.tlog
E:\testdemo\A-MFC-PROGRAME-master\A-MFC-PROGRAME-master\studentsystem\Debug\rc.command.1.tlog
E:\testdemo\A-MFC-PROGRAME-master\A-MFC-PROGRAME-master\studentsystem\Debug\rc.read.1.tlog
E:\testdemo\A-MFC-PROGRAME-master\A-MFC-PROGRAME-master\studentsystem\Debug\rc.write.1.tlog
E:\testdemo\A-MFC-PROGRAME-master\A-MFC-PROGRAME-master\studentsystem\Debug\studentsystem.res
E:\testdemo\A-MFC-PROGRAME-master\A-MFC-PROGRAME-master\studentsystem\Debug\studentsystem.pch
E:\testdemo\A-MFC-PROGRAME-master\A-MFC-PROGRAME-master\studentsystem\Debug\vc110.idb
E:\testdemo\A-MFC-PROGRAME-master\A-MFC-PROGRAME-master\studentsystem\Debug\vc110.pdb
E:\testdemo\A-MFC-PROGRAME-master\A-MFC-PROGRAME-master\Debug\studentsystem.pdb
E:\testdemo\A-MFC-PROGRAME-master\A-MFC-PROGRAME-master\Debug\studentsystem.exe
E:\testdemo\A-MFC-PROGRAME-master\A-MFC-PROGRAME-master\Debug\studentsystem.ilk
